[debug] ----------------------------------------------------------------------
[debug] Command:      C:\Program Files\nodejs\node.exe C:\Users\Sufiyan\AppData\Roaming\npm\node_modules\firebase-tools\bin\firebase use --add
[debug] CLI Version:  3.0.0
[debug] Platform:     win32
[debug] Node Version: v4.4.5
[debug] Time:         Fri May 27 2016 16:21:52 GMT+0500 (Pakistan Standard Time)
[debug] ----------------------------------------------------------------------
[debug] 
[debug] > command requires scopes: ["email","openid","https://www.googleapis.com/auth/cloudplatformprojects.readonly","https://www.googleapis.com/auth/firebase"]
[debug] >>> HTTP REQUEST GET https://admin.firebase.com/v1/projects 
[debug] <<< HTTP RESPONSE 200
[debug] TypeError: Cannot read property 'short' of undefined
    at Prompt.render (C:\Users\Sufiyan\AppData\Roaming\npm\node_modules\firebase-tools\node_modules\inquirer\lib\prompts\list.js:94:69)
    at Prompt.onSubmit (C:\Users\Sufiyan\AppData\Roaming\npm\node_modules\firebase-tools\node_modules\inquirer\lib\prompts\list.js:116:8)
    at AnonymousObserver.Rx.AnonymousObserver.AnonymousObserver.next (C:\Users\Sufiyan\AppData\Roaming\npm\node_modules\firebase-tools\node_modules\inquirer\node_modules\rx-lite\rx.lite.js:1535:12)
    at AnonymousObserver.Rx.internals.AbstractObserver.AbstractObserver.onNext (C:\Users\Sufiyan\AppData\Roaming\npm\node_modules\firebase-tools\node_modules\inquirer\node_modules\rx-lite\rx.lite.js:1469:31)
    at AnonymousObserver.tryCatcher (C:\Users\Sufiyan\AppData\Roaming\npm\node_modules\firebase-tools\node_modules\inquirer\node_modules\rx-lite\rx.lite.js:63:31)
    at AutoDetachObserverPrototype.next (C:\Users\Sufiyan\AppData\Roaming\npm\node_modules\firebase-tools\node_modules\inquirer\node_modules\rx-lite\rx.lite.js:5782:51)
    at AutoDetachObserver.Rx.internals.AbstractObserver.AbstractObserver.onNext (C:\Users\Sufiyan\AppData\Roaming\npm\node_modules\firebase-tools\node_modules\inquirer\node_modules\rx-lite\rx.lite.js:1469:31)
    at AnonymousObserver._onNext (C:\Users\Sufiyan\AppData\Roaming\npm\node_modules\firebase-tools\node_modules\inquirer\node_modules\rx-lite\rx.lite.js:4234:13)
    at AnonymousObserver.Rx.AnonymousObserver.AnonymousObserver.next (C:\Users\Sufiyan\AppData\Roaming\npm\node_modules\firebase-tools\node_modules\inquirer\node_modules\rx-lite\rx.lite.js:1535:12)
    at AnonymousObserver.Rx.internals.AbstractObserver.AbstractObserver.onNext (C:\Users\Sufiyan\AppData\Roaming\npm\node_modules\firebase-tools\node_modules\inquirer\node_modules\rx-lite\rx.lite.js:1469:31)
[error] 
[error] Error: An unexpected error has occurred.
